<?xml version="1.0" encoding="UTF-8"?>
<testExecutions version="1">
  <file path="/mnt/development/Proguide/beepmp.suite/apps/shopping/back-end/src/app.controller.spec.ts">
  </file>
</testExecutions>